-------------------------------------------------------------------------------
Test set: TestSuite
-------------------------------------------------------------------------------
Tests run: 4, Failures: 1, Errors: 0, Skipped: 0, Time elapsed: 13.266 s <<< FAILURE! - in TestSuite
saucedemo.com.RunTests.LoginTestNG.tc_03_login  Time elapsed: 0.19 s  <<< FAILURE!
java.lang.AssertionError: expected [Epic sadface: Password is incorrect] but found [Epic sadface: Username and password do not match any user in this service]
	at saucedemo.com.RunTests.LoginTestNG.tc_03_login(LoginTestNG.java:81)

